{
  "RSpec": {
    "coverage": {
      "/Users/Pan_Maciej/message_me_app/config/environment.rb": [
        null,
        1,
        null,
        null,
        1
      ],
      "/Users/Pan_Maciej/message_me_app/config/application.rb": [
        1,
        null,
        1,
        null,
        null,
        null,
        1,
        null,
        1,
        1,
        null,
        1,
        null,
        null,
        null,
        null,
        null,
        null,
        null
      ],
      "/Users/Pan_Maciej/message_me_app/config/boot.rb": [
        1,
        null,
        1,
        1
      ],
      "/Users/Pan_Maciej/message_me_app/config/environments/test.rb": [
        1,
        null,
        null,
        null,
        null,
        null,
        null,
        1,
        null,
        null,
        null,
        null,
        1,
        null,
        null,
        1,
        1,
        null,
        null,
        null,
        null,
        1,
        1,
        null,
        null,
        1,
        null,
        null,
        1,
        null,
        null,
        1,
        null,
        1,
        null,
        null,
        null,
        null,
        1,
        null,
        null,
        1,
        null,
        null,
        null,
        null
      ],
      "/Users/Pan_Maciej/message_me_app/config/initializers/application_controller_renderer.rb": [
        null,
        null,
        null,
        null,
        null,
        null,
        null,
        null
      ],
      "/Users/Pan_Maciej/message_me_app/config/initializers/assets.rb": [
        null,
        null,
        null,
        1,
        null,
        null,
        null,
        null,
        1,
        null,
        null,
        null,
        null,
        null
      ],
      "/Users/Pan_Maciej/message_me_app/config/initializers/backtrace_silencers.rb": [
        null,
        null,
        null,
        null,
        null,
        null,
        null
      ],
      "/Users/Pan_Maciej/message_me_app/config/initializers/content_security_policy.rb": [
        null,
        null,
        null,
        null,
        null,
        null,
        null,
        null,
        null,
        null,
        null,
        null,
        null,
        null,
        null,
        null,
        null,
        null,
        null,
        null,
        null,
        null,
        null,
        null,
        null
      ],
      "/Users/Pan_Maciej/message_me_app/config/initializers/cookies_serializer.rb": [
        null,
        null,
        null,
        null,
        1
      ],
      "/Users/Pan_Maciej/message_me_app/config/initializers/filter_parameter_logging.rb": [
        null,
        null,
        null,
        1
      ],
      "/Users/Pan_Maciej/message_me_app/config/initializers/inflections.rb": [
        null,
        null,
        null,
        null,
        null,
        null,
        null,
        null,
        null,
        null,
        null,
        null,
        null,
        null,
        null,
        null
      ],
      "/Users/Pan_Maciej/message_me_app/config/initializers/mime_types.rb": [
        null,
        null,
        null,
        null
      ],
      "/Users/Pan_Maciej/message_me_app/config/initializers/simple_form.rb": [
        null,
        null,
        null,
        null,
        null,
        null,
        null,
        null,
        null,
        1,
        null,
        null,
        null,
        null,
        null,
        1,
        null,
        null,
        null,
        null,
        null,
        null,
        null,
        null,
        null,
        1,
        null,
        null,
        null,
        1,
        null,
        null,
        null,
        null,
        null,
        null,
        null,
        null,
        null,
        1,
        null,
        null,
        1,
        null,
        null,
        1,
        null,
        null,
        1,
        null,
        null,
        1,
        null,
        null,
        null,
        1,
        1,
        1,
        null,
        null,
        null,
        null,
        null,
        null,
        null,
        null,
        null,
        1,
        null,
        null,
        null,
        null,
        null,
        1,
        null,
        null,
        1,
        null,
        null,
        null,
        null,
        null,
        null,
        null,
        1,
        null,
        null,
        1,
        null,
        null,
        null,
        null,
        null,
        null,
        null,
        null,
        null,
        null,
        null,
        null,
        null,
        null,
        null,
        null,
        null,
        null,
        null,
        null,
        null,
        null,
        null,
        null,
        null,
        null,
        null,
        null,
        null,
        null,
        null,
        null,
        null,
        null,
        null,
        null,
        null,
        null,
        null,
        null,
        null,
        1,
        null,
        null,
        null,
        null,
        null,
        null,
        null,
        null,
        null,
        null,
        null,
        null,
        null,
        null,
        null,
        null,
        null,
        null,
        null,
        null,
        null,
        null,
        null,
        null,
        null,
        null,
        null,
        null,
        null,
        null,
        null,
        null,
        null,
        null,
        null,
        null,
        1,
        null,
        null,
        null,
        null,
        null,
        null,
        null,
        null,
        null,
        null,
        null,
        null
      ],
      "/Users/Pan_Maciej/message_me_app/config/initializers/wrap_parameters.rb": [
        null,
        null,
        null,
        null,
        null,
        null,
        1,
        2,
        null,
        null,
        null,
        null,
        null,
        null
      ],
      "/Users/Pan_Maciej/message_me_app/config/routes.rb": [
        1,
        1,
        1,
        1,
        1,
        1,
        1,
        1,
        null
      ],
      "/Users/Pan_Maciej/message_me_app/app/helpers/application_helper.rb": [
        1,
        null
      ],
      "/Users/Pan_Maciej/message_me_app/app/helpers/chatroom_helper.rb": [
        1,
        null
      ],
      "/Users/Pan_Maciej/message_me_app/app/helpers/messages_helper.rb": [
        1,
        null
      ],
      "/Users/Pan_Maciej/message_me_app/app/helpers/registration_helper.rb": [
        1,
        null
      ],
      "/Users/Pan_Maciej/message_me_app/app/helpers/sessions_helper.rb": [
        1,
        null
      ],
      "/Users/Pan_Maciej/message_me_app/app/controllers/chatroom_controller.rb": [
        1,
        1,
        null,
        1,
        2,
        2,
        null,
        null
      ],
      "/Users/Pan_Maciej/message_me_app/app/controllers/application_controller.rb": [
        1,
        1,
        null,
        1,
        8,
        null,
        null,
        1,
        11,
        null,
        null,
        1,
        4,
        1,
        1,
        null,
        null,
        null
      ],
      "/Users/Pan_Maciej/message_me_app/spec/controllers/messages_controller_spec.rb": [
        1,
        null,
        1,
        1,
        1,
        1,
        1,
        null,
        null,
        1,
        1,
        1,
        1,
        null,
        1,
        null,
        null,
        null,
        null
      ],
      "/Users/Pan_Maciej/message_me_app/app/controllers/messages_controller.rb": [
        1,
        1,
        null,
        1,
        1,
        1,
        1,
        null,
        null,
        null,
        1,
        null,
        1,
        1,
        null,
        null
      ],
      "/Users/Pan_Maciej/message_me_app/spec/controllers/registration_controller_spec.rb": [
        1,
        null,
        1,
        null,
        1,
        1,
        1,
        1,
        null,
        null,
        null,
        1,
        1,
        1,
        1,
        null,
        null,
        1,
        1,
        null,
        null,
        1,
        1,
        1,
        null,
        1,
        null,
        null,
        1,
        1,
        1,
        null,
        1,
        null,
        null,
        null,
        null
      ],
      "/Users/Pan_Maciej/message_me_app/app/controllers/registration_controller.rb": [
        1,
        1,
        1,
        null,
        null,
        1,
        2,
        null,
        2,
        1,
        1,
        null,
        1,
        null,
        null,
        null,
        1,
        null,
        1,
        2,
        null,
        null
      ],
      "/Users/Pan_Maciej/message_me_app/spec/controllers/sessions_controller_spec.rb": [
        1,
        null,
        1,
        1,
        5,
        null,
        null,
        1,
        5,
        null,
        null,
        6,
        4,
        null,
        1,
        1,
        4,
        4,
        null,
        null,
        1,
        1,
        1,
        1,
        null,
        null,
        1,
        1,
        1,
        null,
        1,
        1,
        null,
        null,
        null,
        null,
        1,
        3,
        null,
        1,
        1,
        1,
        null,
        null,
        1,
        1,
        null,
        null,
        null,
        null,
        1,
        1,
        1,
        1,
        null,
        null,
        null,
        1,
        1,
        1,
        1,
        1,
        1,
        null,
        1,
        1,
        null,
        null,
        null,
        null
      ],
      "/Users/Pan_Maciej/message_me_app/app/controllers/sessions_controller.rb": [
        1,
        1,
        null,
        1,
        null,
        1,
        5,
        5,
        3,
        3,
        3,
        null,
        2,
        2,
        null,
        null,
        null,
        1,
        1,
        1,
        1,
        null,
        null,
        1,
        7,
        1,
        1,
        null,
        null,
        null
      ],
      "/Users/Pan_Maciej/message_me_app/spec/models/message_spec.rb": [
        1,
        null,
        1,
        2,
        null,
        1,
        3,
        3,
        null,
        3,
        null,
        1,
        2,
        null,
        1,
        1,
        null,
        null,
        1,
        2,
        null,
        1,
        1,
        null,
        null,
        null,
        null
      ],
      "/Users/Pan_Maciej/message_me_app/app/models/message.rb": [
        1,
        1,
        1,
        null
      ],
      "/Users/Pan_Maciej/message_me_app/app/models/application_record.rb": [
        1,
        1,
        null
      ],
      "/Users/Pan_Maciej/message_me_app/spec/models/user_spec.rb": [
        1,
        null,
        1,
        2,
        2,
        null,
        1,
        4,
        null,
        1,
        2,
        null,
        1,
        1,
        null,
        null,
        null,
        1,
        2,
        1,
        1,
        null,
        null,
        null,
        1,
        2,
        1,
        1,
        null,
        null,
        null,
        null
      ],
      "/Users/Pan_Maciej/message_me_app/app/models/user.rb": [
        1,
        1,
        1,
        1,
        null
      ]
    },
    "timestamp": 1545938919
  }
}
